<?xml version="1.0" encoding="UTF-8"?>
<coverage generated="1584757130480" clover="3.2.0">
  <project timestamp="1584757130480" name="All files">
    <metrics statements="18" coveredstatements="15" conditionals="9" coveredconditionals="3" methods="4" coveredmethods="4" elements="31" coveredelements="22" complexity="0" loc="18" ncloc="18" packages="2" files="3" classes="3"/>
    <package name="lib">
      <metrics statements="12" coveredstatements="9" conditionals="6" coveredconditionals="3" methods="2" coveredmethods="2"/>
      <file name="app.js" path="/Users/nathan/alchemy/career-track/http-with-net/lib/app.js">
        <metrics statements="12" coveredstatements="9" conditionals="6" coveredconditionals="3" methods="2" coveredmethods="2"/>
        <line num="1" count="1" type="stmt"/>
        <line num="2" count="1" type="stmt"/>
        <line num="3" count="1" type="stmt"/>
        <line num="5" count="1" type="stmt"/>
        <line num="6" count="1" type="stmt"/>
        <line num="7" count="1" type="stmt"/>
        <line num="11" count="1" type="cond" truecount="3" falsecount="1"/>
        <line num="13" count="1" type="stmt"/>
        <line num="22" count="0" type="cond" truecount="0" falsecount="2"/>
        <line num="23" count="0" type="stmt"/>
        <line num="34" count="0" type="stmt"/>
        <line num="39" count="1" type="stmt"/>
      </file>
    </package>
    <package name="lib.utils">
      <metrics statements="6" coveredstatements="6" conditionals="3" coveredconditionals="0" methods="2" coveredmethods="2"/>
      <file name="createResponse.js" path="/Users/nathan/alchemy/career-track/http-with-net/lib/utils/createResponse.js">
        <metrics statements="2" coveredstatements="2" conditionals="3" coveredconditionals="0" methods="1" coveredmethods="1"/>
        <line num="1" count="2" type="cond" truecount="0" falsecount="3"/>
        <line num="2" count="2" type="stmt"/>
      </file>
      <file name="parseRequest.js" path="/Users/nathan/alchemy/career-track/http-with-net/lib/utils/parseRequest.js">
        <metrics statements="4" coveredstatements="4" conditionals="0" coveredconditionals="0" methods="1" coveredmethods="1"/>
        <line num="1" count="2" type="stmt"/>
        <line num="5" count="3" type="stmt"/>
        <line num="6" count="3" type="stmt"/>
        <line num="8" count="3" type="stmt"/>
      </file>
    </package>
  </project>
</coverage>
