{"/Users/nathan/alchemy/career-track/http-with-net/lib/app.js": {"path":"/Users/nathan/alchemy/career-track/http-with-net/lib/app.js","statementMap":{"0":{"start":{"line":1,"column":12},"end":{"line":1,"column":26}},"1":{"start":{"line":2,"column":21},"end":{"line":2,"column":52}},"2":{"start":{"line":3,"column":23},"end":{"line":3,"column":56}},"3":{"start":{"line":5,"column":12},"end":{"line":47,"column":2}},"4":{"start":{"line":6,"column":2},"end":{"line":46,"column":5}},"5":{"start":{"line":7,"column":20},"end":{"line":7,"column":49}},"6":{"start":{"line":11,"column":4},"end":{"line":45,"column":5}},"7":{"start":{"line":13,"column":6},"end":{"line":21,"column":10}},"8":{"start":{"line":22,"column":11},"end":{"line":45,"column":5}},"9":{"start":{"line":23,"column":6},"end":{"line":31,"column":10}},"10":{"start":{"line":32,"column":11},"end":{"line":45,"column":5}},"11":{"start":{"line":33,"column":6},"end":{"line":41,"column":10}},"12":{"start":{"line":44,"column":6},"end":{"line":44,"column":108}},"13":{"start":{"line":49,"column":0},"end":{"line":49,"column":21}}},"fnMap":{"0":{"name":"(anonymous_0)","decl":{"start":{"line":5,"column":29},"end":{"line":5,"column":30}},"loc":{"start":{"line":5,"column":39},"end":{"line":47,"column":1}},"line":5},"1":{"name":"(anonymous_1)","decl":{"start":{"line":6,"column":20},"end":{"line":6,"column":21}},"loc":{"start":{"line":6,"column":28},"end":{"line":46,"column":3}},"line":6}},"branchMap":{"0":{"loc":{"start":{"line":11,"column":4},"end":{"line":45,"column":5}},"type":"if","locations":[{"start":{"line":11,"column":4},"end":{"line":45,"column":5}},{"start":{"line":11,"column":4},"end":{"line":45,"column":5}}],"line":11},"1":{"loc":{"start":{"line":11,"column":7},"end":{"line":11,"column":58}},"type":"binary-expr","locations":[{"start":{"line":11,"column":7},"end":{"line":11,"column":30}},{"start":{"line":11,"column":34},"end":{"line":11,"column":58}}],"line":11},"2":{"loc":{"start":{"line":22,"column":11},"end":{"line":45,"column":5}},"type":"if","locations":[{"start":{"line":22,"column":11},"end":{"line":45,"column":5}},{"start":{"line":22,"column":11},"end":{"line":45,"column":5}}],"line":22},"3":{"loc":{"start":{"line":22,"column":14},"end":{"line":22,"column":66}},"type":"binary-expr","locations":[{"start":{"line":22,"column":14},"end":{"line":22,"column":38}},{"start":{"line":22,"column":42},"end":{"line":22,"column":66}}],"line":22},"4":{"loc":{"start":{"line":32,"column":11},"end":{"line":45,"column":5}},"type":"if","locations":[{"start":{"line":32,"column":11},"end":{"line":45,"column":5}},{"start":{"line":32,"column":11},"end":{"line":45,"column":5}}],"line":32},"5":{"loc":{"start":{"line":32,"column":14},"end":{"line":32,"column":67}},"type":"binary-expr","locations":[{"start":{"line":32,"column":14},"end":{"line":32,"column":39}},{"start":{"line":32,"column":43},"end":{"line":32,"column":67}}],"line":32}},"s":{"0":1,"1":1,"2":1,"3":1,"4":1,"5":1,"6":1,"7":1,"8":0,"9":0,"10":0,"11":0,"12":0,"13":1},"f":{"0":1,"1":1},"b":{"0":[1,0],"1":[1,1],"2":[0,0],"3":[0,0],"4":[0,0],"5":[0,0]},"_coverageSchema":"1a1c01bbd47fc00a2c39e90264f33305004495a9","hash":"c940596dc049f1a816cf8a79a61022d33b6086e2"}
,"/Users/nathan/alchemy/career-track/http-with-net/lib/utils/createResponse.js": {"path":"/Users/nathan/alchemy/career-track/http-with-net/lib/utils/createResponse.js","statementMap":{"0":{"start":{"line":1,"column":0},"end":{"line":9,"column":2}},"1":{"start":{"line":2,"column":2},"end":{"line":8,"column":9}}},"fnMap":{"0":{"name":"(anonymous_0)","decl":{"start":{"line":1,"column":17},"end":{"line":1,"column":18}},"loc":{"start":{"line":1,"column":82},"end":{"line":9,"column":1}},"line":1}},"branchMap":{"0":{"loc":{"start":{"line":1,"column":20},"end":{"line":1,"column":29}},"type":"default-arg","locations":[{"start":{"line":1,"column":27},"end":{"line":1,"column":29}}],"line":1},"1":{"loc":{"start":{"line":1,"column":31},"end":{"line":1,"column":56}},"type":"default-arg","locations":[{"start":{"line":1,"column":45},"end":{"line":1,"column":56}}],"line":1},"2":{"loc":{"start":{"line":1,"column":58},"end":{"line":1,"column":75}},"type":"default-arg","locations":[{"start":{"line":1,"column":67},"end":{"line":1,"column":75}}],"line":1}},"s":{"0":2,"1":2},"f":{"0":2},"b":{"0":[0],"1":[0],"2":[0]},"_coverageSchema":"1a1c01bbd47fc00a2c39e90264f33305004495a9","hash":"6d67d0e8fb7c0553fdae1911af02a4c93f933b16"}
,"/Users/nathan/alchemy/career-track/http-with-net/lib/utils/parseRequest.js": {"path":"/Users/nathan/alchemy/career-track/http-with-net/lib/utils/parseRequest.js","statementMap":{"0":{"start":{"line":1,"column":0},"end":{"line":13,"column":2}},"1":{"start":{"line":5,"column":25},"end":{"line":5,"column":61}},"2":{"start":{"line":6,"column":19},"end":{"line":6,"column":47}},"3":{"start":{"line":8,"column":2},"end":{"line":12,"column":4}}},"fnMap":{"0":{"name":"(anonymous_0)","decl":{"start":{"line":1,"column":17},"end":{"line":1,"column":18}},"loc":{"start":{"line":1,"column":31},"end":{"line":13,"column":1}},"line":1}},"branchMap":{},"s":{"0":2,"1":3,"2":3,"3":3},"f":{"0":3},"b":{},"_coverageSchema":"1a1c01bbd47fc00a2c39e90264f33305004495a9","hash":"018f101b3c2f284218994b0d692fc2fe387053ad"}
}
